{"total": {"lines":{"total":27,"covered":26,"skipped":0,"pct":96.29},"statements":{"total":27,"covered":26,"skipped":0,"pct":96.29},"functions":{"total":9,"covered":8,"skipped":0,"pct":88.88},"branches":{"total":10,"covered":9,"skipped":0,"pct":90},"branchesTrue":{"total":0,"covered":0,"skipped":0,"pct":100}}
,"/Users/scottdrinkwater/Projects/scheduler/src/schedule.ts": {"lines":{"total":24,"covered":23,"skipped":0,"pct":95.83},"functions":{"total":7,"covered":6,"skipped":0,"pct":85.71},"statements":{"total":24,"covered":23,"skipped":0,"pct":95.83},"branches":{"total":9,"covered":8,"skipped":0,"pct":88.88}}
,"/Users/scottdrinkwater/Projects/scheduler/src/utils/array.ts": {"lines":{"total":3,"covered":3,"skipped":0,"pct":100},"functions":{"total":2,"covered":2,"skipped":0,"pct":100},"statements":{"total":3,"covered":3,"skipped":0,"pct":100},"branches":{"total":1,"covered":1,"skipped":0,"pct":100}}
}
